<?xml version="1.0" encoding="UTF-8"?>
<!-- Generated by org.testng.reporters.JUnitReportReporter -->
<testsuite hostname="LAPTOP-7D54QD0B" failures="0" tests="1" name="edurekaactionsandselectpractice.ActionsAndSelect" time="25.098" errors="0" timestamp="05 Jan 2022 04:09:18 GMT" skipped="0">
  <testcase classname="edurekaactionsandselectpractice.ActionsAndSelect" name="AAndSPractice" time="25.098"/>
</testsuite> <!-- edurekaactionsandselectpractice.ActionsAndSelect -->
